2022-04-20 09:32:29,196 INFO    MainThread:49928 [wandb_setup.py:_flush():75] Loading settings from /share/etud/e2008984/.config/wandb/settings
2022-04-20 09:32:29,196 INFO    MainThread:49928 [wandb_setup.py:_flush():75] Loading settings from /share/mastoc/projects/erasmus/dl_historical_images/master_thesis/utils/wandb/settings
2022-04-20 09:32:29,196 INFO    MainThread:49928 [wandb_setup.py:_flush():75] Loading settings from environment variables: {}
2022-04-20 09:32:29,196 INFO    MainThread:49928 [wandb_setup.py:_flush():75] Inferring run settings from compute environment: {'program': '<python with no main file>'}
2022-04-20 09:32:29,196 INFO    MainThread:49928 [wandb_init.py:_log_setup():405] Logging user logs to /share/mastoc/projects/erasmus/dl_historical_images/master_thesis/utils/wandb/run-20220420_093229-169nzthx/logs/debug.log
2022-04-20 09:32:29,197 INFO    MainThread:49928 [wandb_init.py:_log_setup():406] Logging internal logs to /share/mastoc/projects/erasmus/dl_historical_images/master_thesis/utils/wandb/run-20220420_093229-169nzthx/logs/debug-internal.log
2022-04-20 09:32:29,197 INFO    MainThread:49928 [wandb_init.py:_jupyter_setup():355] configuring jupyter hooks <wandb.sdk.wandb_init._WandbInit object at 0x7f2c5823adc0>
2022-04-20 09:32:29,197 INFO    MainThread:49928 [wandb_init.py:init():439] calling init triggers
2022-04-20 09:32:29,197 INFO    MainThread:49928 [wandb_init.py:init():442] wandb.init called with sweep_config: {}
config: {}
2022-04-20 09:32:29,197 INFO    MainThread:49928 [wandb_init.py:init():492] starting backend
2022-04-20 09:32:29,198 INFO    MainThread:49928 [backend.py:_multiprocessing_setup():99] multiprocessing start_methods=fork,spawn,forkserver, using: spawn
2022-04-20 09:32:29,228 INFO    MainThread:49928 [backend.py:ensure_launched():219] starting backend process...
2022-04-20 09:32:29,252 INFO    MainThread:49928 [backend.py:ensure_launched():224] started backend process with pid: 49993
2022-04-20 09:32:29,254 INFO    MainThread:49928 [wandb_init.py:init():501] backend started and connected
2022-04-20 09:32:29,297 INFO    MainThread:49928 [wandb_run.py:_label_probe_notebook():947] probe notebook
2022-04-20 09:32:29,298 INFO    MainThread:49928 [wandb_run.py:_label_probe_notebook():957] Unable to probe notebook: 'NoneType' object has no attribute 'get'
2022-04-20 09:32:29,298 INFO    MainThread:49928 [wandb_init.py:init():565] updated telemetry
2022-04-20 09:32:29,442 INFO    MainThread:49928 [wandb_init.py:init():596] communicating run to backend with 30 second timeout
2022-04-20 09:32:30,510 INFO    MainThread:49928 [wandb_run.py:_on_init():1759] communicating current version
2022-04-20 09:32:30,576 INFO    MainThread:49928 [wandb_run.py:_on_init():1763] got version response upgrade_message: "wandb version 0.12.14 is available!  To upgrade, please run:\n $ pip install wandb --upgrade"

2022-04-20 09:32:30,576 INFO    MainThread:49928 [wandb_init.py:init():625] starting run threads in backend
2022-04-20 09:32:32,131 INFO    MainThread:49928 [wandb_run.py:_console_start():1733] atexit reg
2022-04-20 09:32:32,133 INFO    MainThread:49928 [wandb_run.py:_redirect():1606] redirect: SettingsConsole.WRAP
2022-04-20 09:32:32,134 INFO    MainThread:49928 [wandb_run.py:_redirect():1643] Wrapping output streams.
2022-04-20 09:32:32,136 INFO    MainThread:49928 [wandb_run.py:_redirect():1667] Redirects installed.
2022-04-20 09:32:32,136 INFO    MainThread:49928 [wandb_init.py:init():664] run started, returning control to user process
2022-04-20 09:32:33,658 INFO    MainThread:49928 [wandb_watch.py:watch():47] Watching
2022-04-20 10:27:58,796 ERROR   MainThread:49928 [retry.py:__call__():126] Retry attempt failed:
Traceback (most recent call last):
  File "/share/etud/e2008984/miniconda3/envs/torch_env/lib/python3.9/site-packages/urllib3/connectionpool.py", line 449, in _make_request
    six.raise_from(e, None)
  File "<string>", line 3, in raise_from
  File "/share/etud/e2008984/miniconda3/envs/torch_env/lib/python3.9/site-packages/urllib3/connectionpool.py", line 444, in _make_request
    httplib_response = conn.getresponse()
  File "/share/etud/e2008984/miniconda3/envs/torch_env/lib/python3.9/http/client.py", line 1371, in getresponse
    response.begin()
  File "/share/etud/e2008984/miniconda3/envs/torch_env/lib/python3.9/http/client.py", line 319, in begin
    version, status, reason = self._read_status()
  File "/share/etud/e2008984/miniconda3/envs/torch_env/lib/python3.9/http/client.py", line 280, in _read_status
    line = str(self.fp.readline(_MAXLINE + 1), "iso-8859-1")
  File "/share/etud/e2008984/miniconda3/envs/torch_env/lib/python3.9/socket.py", line 704, in readinto
    return self._sock.recv_into(b)
  File "/share/etud/e2008984/miniconda3/envs/torch_env/lib/python3.9/ssl.py", line 1241, in recv_into
    return self.read(nbytes, buffer)
  File "/share/etud/e2008984/miniconda3/envs/torch_env/lib/python3.9/ssl.py", line 1099, in read
    return self._sslobj.read(len, buffer)
socket.timeout: The read operation timed out

During handling of the above exception, another exception occurred:

Traceback (most recent call last):
  File "/share/etud/e2008984/miniconda3/envs/torch_env/lib/python3.9/site-packages/requests/adapters.py", line 440, in send
    resp = conn.urlopen(
  File "/share/etud/e2008984/miniconda3/envs/torch_env/lib/python3.9/site-packages/urllib3/connectionpool.py", line 785, in urlopen
    retries = retries.increment(
  File "/share/etud/e2008984/miniconda3/envs/torch_env/lib/python3.9/site-packages/urllib3/util/retry.py", line 550, in increment
    raise six.reraise(type(error), error, _stacktrace)
  File "/share/etud/e2008984/miniconda3/envs/torch_env/lib/python3.9/site-packages/urllib3/packages/six.py", line 770, in reraise
    raise value
  File "/share/etud/e2008984/miniconda3/envs/torch_env/lib/python3.9/site-packages/urllib3/connectionpool.py", line 703, in urlopen
    httplib_response = self._make_request(
  File "/share/etud/e2008984/miniconda3/envs/torch_env/lib/python3.9/site-packages/urllib3/connectionpool.py", line 451, in _make_request
    self._raise_timeout(err=e, url=url, timeout_value=read_timeout)
  File "/share/etud/e2008984/miniconda3/envs/torch_env/lib/python3.9/site-packages/urllib3/connectionpool.py", line 340, in _raise_timeout
    raise ReadTimeoutError(
urllib3.exceptions.ReadTimeoutError: HTTPSConnectionPool(host='api.wandb.ai', port=443): Read timed out. (read timeout=10)

During handling of the above exception, another exception occurred:

Traceback (most recent call last):
  File "/share/etud/e2008984/miniconda3/envs/torch_env/lib/python3.9/site-packages/wandb/sdk/lib/retry.py", line 102, in __call__
    result = self._call_fn(*args, **kwargs)
  File "/share/etud/e2008984/miniconda3/envs/torch_env/lib/python3.9/site-packages/wandb/sdk/internal/internal_api.py", line 140, in execute
    return self.client.execute(*args, **kwargs)
  File "/share/etud/e2008984/miniconda3/envs/torch_env/lib/python3.9/site-packages/wandb/vendor/gql-0.2.0/wandb_gql/client.py", line 52, in execute
    result = self._get_result(document, *args, **kwargs)
  File "/share/etud/e2008984/miniconda3/envs/torch_env/lib/python3.9/site-packages/wandb/vendor/gql-0.2.0/wandb_gql/client.py", line 60, in _get_result
    return self.transport.execute(document, *args, **kwargs)
  File "/share/etud/e2008984/miniconda3/envs/torch_env/lib/python3.9/site-packages/wandb/vendor/gql-0.2.0/wandb_gql/transport/requests.py", line 38, in execute
    request = requests.post(self.url, **post_args)
  File "/share/etud/e2008984/miniconda3/envs/torch_env/lib/python3.9/site-packages/requests/api.py", line 117, in post
    return request('post', url, data=data, json=json, **kwargs)
  File "/share/etud/e2008984/miniconda3/envs/torch_env/lib/python3.9/site-packages/requests/api.py", line 61, in request
    return session.request(method=method, url=url, **kwargs)
  File "/share/etud/e2008984/miniconda3/envs/torch_env/lib/python3.9/site-packages/requests/sessions.py", line 529, in request
    resp = self.send(prep, **send_kwargs)
  File "/share/etud/e2008984/miniconda3/envs/torch_env/lib/python3.9/site-packages/requests/sessions.py", line 645, in send
    r = adapter.send(request, **kwargs)
  File "/share/etud/e2008984/miniconda3/envs/torch_env/lib/python3.9/site-packages/requests/adapters.py", line 532, in send
    raise ReadTimeout(e, request=request)
requests.exceptions.ReadTimeout: HTTPSConnectionPool(host='api.wandb.ai', port=443): Read timed out. (read timeout=10)
2022-04-20 10:28:43,397 ERROR   MainThread:49928 [retry.py:__call__():126] Retry attempt failed:
Traceback (most recent call last):
  File "/share/etud/e2008984/miniconda3/envs/torch_env/lib/python3.9/site-packages/urllib3/connectionpool.py", line 449, in _make_request
    six.raise_from(e, None)
  File "<string>", line 3, in raise_from
  File "/share/etud/e2008984/miniconda3/envs/torch_env/lib/python3.9/site-packages/urllib3/connectionpool.py", line 444, in _make_request
    httplib_response = conn.getresponse()
  File "/share/etud/e2008984/miniconda3/envs/torch_env/lib/python3.9/http/client.py", line 1371, in getresponse
    response.begin()
  File "/share/etud/e2008984/miniconda3/envs/torch_env/lib/python3.9/http/client.py", line 319, in begin
    version, status, reason = self._read_status()
  File "/share/etud/e2008984/miniconda3/envs/torch_env/lib/python3.9/http/client.py", line 280, in _read_status
    line = str(self.fp.readline(_MAXLINE + 1), "iso-8859-1")
  File "/share/etud/e2008984/miniconda3/envs/torch_env/lib/python3.9/socket.py", line 704, in readinto
    return self._sock.recv_into(b)
  File "/share/etud/e2008984/miniconda3/envs/torch_env/lib/python3.9/ssl.py", line 1241, in recv_into
    return self.read(nbytes, buffer)
  File "/share/etud/e2008984/miniconda3/envs/torch_env/lib/python3.9/ssl.py", line 1099, in read
    return self._sslobj.read(len, buffer)
socket.timeout: The read operation timed out

During handling of the above exception, another exception occurred:

Traceback (most recent call last):
  File "/share/etud/e2008984/miniconda3/envs/torch_env/lib/python3.9/site-packages/requests/adapters.py", line 440, in send
    resp = conn.urlopen(
  File "/share/etud/e2008984/miniconda3/envs/torch_env/lib/python3.9/site-packages/urllib3/connectionpool.py", line 785, in urlopen
    retries = retries.increment(
  File "/share/etud/e2008984/miniconda3/envs/torch_env/lib/python3.9/site-packages/urllib3/util/retry.py", line 550, in increment
    raise six.reraise(type(error), error, _stacktrace)
  File "/share/etud/e2008984/miniconda3/envs/torch_env/lib/python3.9/site-packages/urllib3/packages/six.py", line 770, in reraise
    raise value
  File "/share/etud/e2008984/miniconda3/envs/torch_env/lib/python3.9/site-packages/urllib3/connectionpool.py", line 703, in urlopen
    httplib_response = self._make_request(
  File "/share/etud/e2008984/miniconda3/envs/torch_env/lib/python3.9/site-packages/urllib3/connectionpool.py", line 451, in _make_request
    self._raise_timeout(err=e, url=url, timeout_value=read_timeout)
  File "/share/etud/e2008984/miniconda3/envs/torch_env/lib/python3.9/site-packages/urllib3/connectionpool.py", line 340, in _raise_timeout
    raise ReadTimeoutError(
urllib3.exceptions.ReadTimeoutError: HTTPSConnectionPool(host='api.wandb.ai', port=443): Read timed out. (read timeout=10)

During handling of the above exception, another exception occurred:

Traceback (most recent call last):
  File "/share/etud/e2008984/miniconda3/envs/torch_env/lib/python3.9/site-packages/wandb/sdk/lib/retry.py", line 102, in __call__
    result = self._call_fn(*args, **kwargs)
  File "/share/etud/e2008984/miniconda3/envs/torch_env/lib/python3.9/site-packages/wandb/sdk/internal/internal_api.py", line 140, in execute
    return self.client.execute(*args, **kwargs)
  File "/share/etud/e2008984/miniconda3/envs/torch_env/lib/python3.9/site-packages/wandb/vendor/gql-0.2.0/wandb_gql/client.py", line 52, in execute
    result = self._get_result(document, *args, **kwargs)
  File "/share/etud/e2008984/miniconda3/envs/torch_env/lib/python3.9/site-packages/wandb/vendor/gql-0.2.0/wandb_gql/client.py", line 60, in _get_result
    return self.transport.execute(document, *args, **kwargs)
  File "/share/etud/e2008984/miniconda3/envs/torch_env/lib/python3.9/site-packages/wandb/vendor/gql-0.2.0/wandb_gql/transport/requests.py", line 38, in execute
    request = requests.post(self.url, **post_args)
  File "/share/etud/e2008984/miniconda3/envs/torch_env/lib/python3.9/site-packages/requests/api.py", line 117, in post
    return request('post', url, data=data, json=json, **kwargs)
  File "/share/etud/e2008984/miniconda3/envs/torch_env/lib/python3.9/site-packages/requests/api.py", line 61, in request
    return session.request(method=method, url=url, **kwargs)
  File "/share/etud/e2008984/miniconda3/envs/torch_env/lib/python3.9/site-packages/requests/sessions.py", line 529, in request
    resp = self.send(prep, **send_kwargs)
  File "/share/etud/e2008984/miniconda3/envs/torch_env/lib/python3.9/site-packages/requests/sessions.py", line 645, in send
    r = adapter.send(request, **kwargs)
  File "/share/etud/e2008984/miniconda3/envs/torch_env/lib/python3.9/site-packages/requests/adapters.py", line 532, in send
    raise ReadTimeout(e, request=request)
requests.exceptions.ReadTimeout: HTTPSConnectionPool(host='api.wandb.ai', port=443): Read timed out. (read timeout=10)
2022-04-20 10:39:23,476 INFO    MainThread:49928 [wandb_init.py:_pause_backend():318] pausing backend
2022-04-20 10:39:23,476 INFO    MainThread:49928 [jupyter.py:save_ipynb():374] not saving jupyter notebook
2022-04-20 10:39:23,487 INFO    MainThread:49928 [wandb_init.py:_resume_backend():327] resuming backend
2022-04-20 10:39:23,688 INFO    MainThread:49928 [wandb_init.py:_pause_backend():318] pausing backend
2022-04-20 10:39:23,688 INFO    MainThread:49928 [jupyter.py:save_ipynb():374] not saving jupyter notebook
2022-04-20 10:39:23,694 INFO    MainThread:49928 [wandb_init.py:_resume_backend():327] resuming backend
2022-04-20 10:39:23,696 INFO    MainThread:49928 [wandb_init.py:_pause_backend():318] pausing backend
2022-04-20 10:39:23,696 INFO    MainThread:49928 [jupyter.py:save_ipynb():374] not saving jupyter notebook
2022-04-20 10:39:23,701 INFO    MainThread:49928 [wandb_init.py:_resume_backend():327] resuming backend
2022-04-20 10:39:23,705 INFO    MainThread:49928 [wandb_init.py:_pause_backend():318] pausing backend
2022-04-20 10:39:23,705 INFO    MainThread:49928 [jupyter.py:save_ipynb():374] not saving jupyter notebook
2022-04-20 10:39:23,709 INFO    MainThread:49928 [wandb_init.py:_resume_backend():327] resuming backend
2022-04-20 10:39:23,722 INFO    MainThread:49928 [wandb_setup.py:_flush():75] Loading settings from /share/etud/e2008984/.config/wandb/settings
2022-04-20 10:39:23,722 INFO    MainThread:49928 [wandb_setup.py:_flush():75] Loading settings from /share/mastoc/projects/erasmus/dl_historical_images/master_thesis/utils/wandb/settings
2022-04-20 10:39:23,722 INFO    MainThread:49928 [wandb_setup.py:_flush():75] Loading settings from environment variables: {}
2022-04-20 10:39:23,722 INFO    MainThread:49928 [wandb_setup.py:_flush():75] Inferring run settings from compute environment: {'program': '<python with no main file>'}
2022-04-20 10:39:23,722 INFO    MainThread:49928 [wandb_init.py:_log_setup():405] Logging user logs to /share/mastoc/projects/erasmus/dl_historical_images/master_thesis/utils/wandb/run-20220420_103923-3d2w83ym/logs/debug.log
2022-04-20 10:39:23,722 INFO    MainThread:49928 [wandb_init.py:_log_setup():406] Logging internal logs to /share/mastoc/projects/erasmus/dl_historical_images/master_thesis/utils/wandb/run-20220420_103923-3d2w83ym/logs/debug-internal.log
2022-04-20 10:39:23,722 INFO    MainThread:49928 [wandb_init.py:init():439] calling init triggers
2022-04-20 10:39:23,722 INFO    MainThread:49928 [wandb_init.py:init():442] wandb.init called with sweep_config: {}
config: {}
2022-04-20 10:39:23,722 INFO    MainThread:49928 [wandb_init.py:init():458] re-initializing run, found existing run on stack: 169nzthx
2022-04-20 10:39:23,723 INFO    MainThread:49928 [wandb_run.py:finish():1539] finishing run vibferreira/master_thesis/169nzthx
2022-04-20 10:39:23,724 INFO    MainThread:49928 [jupyter.py:save_history():429] not saving jupyter history
2022-04-20 10:39:23,724 INFO    MainThread:49928 [jupyter.py:save_ipynb():374] not saving jupyter notebook
2022-04-20 10:39:23,724 INFO    MainThread:49928 [wandb_init.py:_jupyter_teardown():337] cleaning up jupyter logic
2022-04-20 10:39:23,724 INFO    MainThread:49928 [wandb_run.py:_atexit_cleanup():1702] got exitcode: 0
2022-04-20 10:39:23,728 INFO    MainThread:49928 [wandb_run.py:_restore():1674] restore
2022-04-20 10:39:29,209 INFO    MainThread:49928 [wandb_run.py:_on_finish():1831] got exit ret: None
2022-04-20 10:39:34,311 INFO    MainThread:49928 [wandb_run.py:_on_finish():1831] got exit ret: None
2022-04-20 10:39:39,412 INFO    MainThread:49928 [wandb_run.py:_on_finish():1831] got exit ret: None
2022-04-20 10:39:44,513 INFO    MainThread:49928 [wandb_run.py:_on_finish():1831] got exit ret: None
2022-04-20 10:39:49,614 INFO    MainThread:49928 [wandb_run.py:_on_finish():1831] got exit ret: None
2022-04-20 10:39:54,715 INFO    MainThread:49928 [wandb_run.py:_on_finish():1831] got exit ret: None
2022-04-20 10:39:59,816 INFO    MainThread:49928 [wandb_run.py:_on_finish():1831] got exit ret: None
2022-04-20 10:40:04,918 INFO    MainThread:49928 [wandb_run.py:_on_finish():1831] got exit ret: None
2022-04-20 10:40:10,019 INFO    MainThread:49928 [wandb_run.py:_on_finish():1831] got exit ret: None
2022-04-20 10:40:15,120 INFO    MainThread:49928 [wandb_run.py:_on_finish():1831] got exit ret: None
2022-04-20 10:40:20,221 INFO    MainThread:49928 [wandb_run.py:_on_finish():1831] got exit ret: None
2022-04-20 10:40:25,322 INFO    MainThread:49928 [wandb_run.py:_on_finish():1831] got exit ret: None
2022-04-20 10:40:30,423 INFO    MainThread:49928 [wandb_run.py:_on_finish():1831] got exit ret: None
2022-04-20 10:40:35,524 INFO    MainThread:49928 [wandb_run.py:_on_finish():1831] got exit ret: None
2022-04-20 10:40:40,625 INFO    MainThread:49928 [wandb_run.py:_on_finish():1831] got exit ret: None
2022-04-20 10:40:45,727 INFO    MainThread:49928 [wandb_run.py:_on_finish():1831] got exit ret: None
2022-04-20 10:40:50,828 INFO    MainThread:49928 [wandb_run.py:_on_finish():1831] got exit ret: None
2022-04-20 10:40:55,929 INFO    MainThread:49928 [wandb_run.py:_on_finish():1831] got exit ret: None
2022-04-20 10:41:01,030 INFO    MainThread:49928 [wandb_run.py:_on_finish():1831] got exit ret: None
2022-04-20 10:41:06,131 INFO    MainThread:49928 [wandb_run.py:_on_finish():1831] got exit ret: None
2022-04-20 10:41:11,232 INFO    MainThread:49928 [wandb_run.py:_on_finish():1831] got exit ret: None
2022-04-20 10:41:16,333 INFO    MainThread:49928 [wandb_run.py:_on_finish():1831] got exit ret: None
2022-04-20 10:41:21,435 INFO    MainThread:49928 [wandb_run.py:_on_finish():1831] got exit ret: None
2022-04-20 10:41:26,536 INFO    MainThread:49928 [wandb_run.py:_on_finish():1831] got exit ret: None
2022-04-20 10:41:31,637 INFO    MainThread:49928 [wandb_run.py:_on_finish():1831] got exit ret: None
2022-04-20 10:41:36,738 INFO    MainThread:49928 [wandb_run.py:_on_finish():1831] got exit ret: None
2022-04-20 10:41:41,839 INFO    MainThread:49928 [wandb_run.py:_on_finish():1831] got exit ret: None
2022-04-20 10:41:46,940 INFO    MainThread:49928 [wandb_run.py:_on_finish():1831] got exit ret: None
2022-04-20 10:41:52,041 INFO    MainThread:49928 [wandb_run.py:_on_finish():1831] got exit ret: None
2022-04-20 10:41:57,142 INFO    MainThread:49928 [wandb_run.py:_on_finish():1831] got exit ret: None
2022-04-20 10:42:02,243 INFO    MainThread:49928 [wandb_run.py:_on_finish():1831] got exit ret: None
2022-04-20 10:42:07,344 INFO    MainThread:49928 [wandb_run.py:_on_finish():1831] got exit ret: None
2022-04-20 10:42:12,445 INFO    MainThread:49928 [wandb_run.py:_on_finish():1831] got exit ret: None
2022-04-20 10:42:17,546 INFO    MainThread:49928 [wandb_run.py:_on_finish():1831] got exit ret: None
2022-04-20 10:42:22,648 INFO    MainThread:49928 [wandb_run.py:_on_finish():1831] got exit ret: None
2022-04-20 10:42:27,749 INFO    MainThread:49928 [wandb_run.py:_on_finish():1831] got exit ret: None
2022-04-20 10:42:32,850 INFO    MainThread:49928 [wandb_run.py:_on_finish():1831] got exit ret: None
2022-04-20 10:42:37,951 INFO    MainThread:49928 [wandb_run.py:_on_finish():1831] got exit ret: None
2022-04-20 10:42:43,052 INFO    MainThread:49928 [wandb_run.py:_on_finish():1831] got exit ret: None
2022-04-20 10:42:48,153 INFO    MainThread:49928 [wandb_run.py:_on_finish():1831] got exit ret: None
2022-04-20 10:42:53,254 INFO    MainThread:49928 [wandb_run.py:_on_finish():1831] got exit ret: None
2022-04-20 10:42:58,355 INFO    MainThread:49928 [wandb_run.py:_on_finish():1831] got exit ret: None
2022-04-20 10:43:03,456 INFO    MainThread:49928 [wandb_run.py:_on_finish():1831] got exit ret: None
2022-04-20 10:43:08,558 INFO    MainThread:49928 [wandb_run.py:_on_finish():1831] got exit ret: None
2022-04-20 10:43:13,659 INFO    MainThread:49928 [wandb_run.py:_on_finish():1831] got exit ret: None
2022-04-20 10:43:18,760 INFO    MainThread:49928 [wandb_run.py:_on_finish():1831] got exit ret: None
2022-04-20 10:43:23,861 INFO    MainThread:49928 [wandb_run.py:_on_finish():1831] got exit ret: None
2022-04-20 10:43:28,962 INFO    MainThread:49928 [wandb_run.py:_on_finish():1831] got exit ret: None
2022-04-20 10:43:34,063 INFO    MainThread:49928 [wandb_run.py:_on_finish():1831] got exit ret: None
2022-04-20 10:43:39,164 INFO    MainThread:49928 [wandb_run.py:_on_finish():1831] got exit ret: None
2022-04-20 10:43:44,265 INFO    MainThread:49928 [wandb_run.py:_on_finish():1831] got exit ret: None
2022-04-20 10:43:49,367 INFO    MainThread:49928 [wandb_run.py:_on_finish():1831] got exit ret: None
2022-04-20 10:43:54,468 INFO    MainThread:49928 [wandb_run.py:_on_finish():1831] got exit ret: None
2022-04-20 10:43:59,569 INFO    MainThread:49928 [wandb_run.py:_on_finish():1831] got exit ret: None
2022-04-20 10:44:04,670 INFO    MainThread:49928 [wandb_run.py:_on_finish():1831] got exit ret: None
2022-04-20 10:44:09,771 INFO    MainThread:49928 [wandb_run.py:_on_finish():1831] got exit ret: None
2022-04-20 10:44:14,872 INFO    MainThread:49928 [wandb_run.py:_on_finish():1831] got exit ret: None
2022-04-20 10:44:19,973 INFO    MainThread:49928 [wandb_run.py:_on_finish():1831] got exit ret: None
2022-04-20 10:44:25,074 INFO    MainThread:49928 [wandb_run.py:_on_finish():1831] got exit ret: None
2022-04-20 10:44:30,175 INFO    MainThread:49928 [wandb_run.py:_on_finish():1831] got exit ret: None
2022-04-20 10:44:35,277 INFO    MainThread:49928 [wandb_run.py:_on_finish():1831] got exit ret: None
2022-04-20 10:44:40,378 INFO    MainThread:49928 [wandb_run.py:_on_finish():1831] got exit ret: None
2022-04-20 10:44:45,479 INFO    MainThread:49928 [wandb_run.py:_on_finish():1831] got exit ret: None
2022-04-20 10:44:50,580 INFO    MainThread:49928 [wandb_run.py:_on_finish():1831] got exit ret: None
2022-04-20 10:44:55,681 INFO    MainThread:49928 [wandb_run.py:_on_finish():1831] got exit ret: None
2022-04-20 10:45:00,782 INFO    MainThread:49928 [wandb_run.py:_on_finish():1831] got exit ret: None
2022-04-20 10:45:05,884 INFO    MainThread:49928 [wandb_run.py:_on_finish():1831] got exit ret: None
2022-04-20 10:45:10,985 INFO    MainThread:49928 [wandb_run.py:_on_finish():1831] got exit ret: None
2022-04-20 10:45:16,086 INFO    MainThread:49928 [wandb_run.py:_on_finish():1831] got exit ret: None
2022-04-20 10:45:21,187 INFO    MainThread:49928 [wandb_run.py:_on_finish():1831] got exit ret: None
2022-04-20 10:45:26,288 INFO    MainThread:49928 [wandb_run.py:_on_finish():1831] got exit ret: None
2022-04-20 10:45:31,389 INFO    MainThread:49928 [wandb_run.py:_on_finish():1831] got exit ret: None
2022-04-20 10:45:36,491 INFO    MainThread:49928 [wandb_run.py:_on_finish():1831] got exit ret: None
2022-04-20 10:45:41,592 INFO    MainThread:49928 [wandb_run.py:_on_finish():1831] got exit ret: None
2022-04-20 10:45:46,693 INFO    MainThread:49928 [wandb_run.py:_on_finish():1831] got exit ret: None
2022-04-20 10:45:51,794 INFO    MainThread:49928 [wandb_run.py:_on_finish():1831] got exit ret: None
2022-04-20 10:45:56,895 INFO    MainThread:49928 [wandb_run.py:_on_finish():1831] got exit ret: None
2022-04-20 10:46:01,996 INFO    MainThread:49928 [wandb_run.py:_on_finish():1831] got exit ret: None
2022-04-20 10:46:07,097 INFO    MainThread:49928 [wandb_run.py:_on_finish():1831] got exit ret: None
2022-04-20 10:46:12,199 INFO    MainThread:49928 [wandb_run.py:_on_finish():1831] got exit ret: None
2022-04-20 10:46:17,300 INFO    MainThread:49928 [wandb_run.py:_on_finish():1831] got exit ret: None
2022-04-20 10:46:22,401 INFO    MainThread:49928 [wandb_run.py:_on_finish():1831] got exit ret: None
2022-04-20 10:46:27,502 INFO    MainThread:49928 [wandb_run.py:_on_finish():1831] got exit ret: None
2022-04-20 10:46:32,603 INFO    MainThread:49928 [wandb_run.py:_on_finish():1831] got exit ret: None
2022-04-20 10:46:37,704 INFO    MainThread:49928 [wandb_run.py:_on_finish():1831] got exit ret: None
2022-04-20 10:46:42,806 INFO    MainThread:49928 [wandb_run.py:_on_finish():1831] got exit ret: None
2022-04-20 10:46:47,907 INFO    MainThread:49928 [wandb_run.py:_on_finish():1831] got exit ret: None
2022-04-20 10:46:53,008 INFO    MainThread:49928 [wandb_run.py:_on_finish():1831] got exit ret: None
2022-04-20 10:46:58,109 INFO    MainThread:49928 [wandb_run.py:_on_finish():1831] got exit ret: None
2022-04-20 10:47:03,210 INFO    MainThread:49928 [wandb_run.py:_on_finish():1831] got exit ret: None
2022-04-20 10:47:08,311 INFO    MainThread:49928 [wandb_run.py:_on_finish():1831] got exit ret: None
2022-04-20 10:47:13,412 INFO    MainThread:49928 [wandb_run.py:_on_finish():1831] got exit ret: None
2022-04-20 10:47:18,513 INFO    MainThread:49928 [wandb_run.py:_on_finish():1831] got exit ret: None
2022-04-20 10:47:23,615 INFO    MainThread:49928 [wandb_run.py:_on_finish():1831] got exit ret: None
2022-04-20 10:47:28,716 INFO    MainThread:49928 [wandb_run.py:_on_finish():1831] got exit ret: None
2022-04-20 10:47:33,817 INFO    MainThread:49928 [wandb_run.py:_on_finish():1831] got exit ret: None
2022-04-20 10:47:38,918 INFO    MainThread:49928 [wandb_run.py:_on_finish():1831] got exit ret: None
2022-04-20 10:47:44,019 INFO    MainThread:49928 [wandb_run.py:_on_finish():1831] got exit ret: None
2022-04-20 10:47:49,120 INFO    MainThread:49928 [wandb_run.py:_on_finish():1831] got exit ret: None
2022-04-20 10:47:54,221 INFO    MainThread:49928 [wandb_run.py:_on_finish():1831] got exit ret: None
2022-04-20 10:47:59,322 INFO    MainThread:49928 [wandb_run.py:_on_finish():1831] got exit ret: None
2022-04-20 10:48:04,424 INFO    MainThread:49928 [wandb_run.py:_on_finish():1831] got exit ret: None
2022-04-20 10:48:09,525 INFO    MainThread:49928 [wandb_run.py:_on_finish():1831] got exit ret: None
2022-04-20 10:48:14,626 INFO    MainThread:49928 [wandb_run.py:_on_finish():1831] got exit ret: None
2022-04-20 10:48:19,727 INFO    MainThread:49928 [wandb_run.py:_on_finish():1831] got exit ret: None
2022-04-20 10:48:24,828 INFO    MainThread:49928 [wandb_run.py:_on_finish():1831] got exit ret: None
2022-04-20 10:48:29,929 INFO    MainThread:49928 [wandb_run.py:_on_finish():1831] got exit ret: None
2022-04-20 10:48:35,031 INFO    MainThread:49928 [wandb_run.py:_on_finish():1831] got exit ret: None
2022-04-20 10:48:40,132 INFO    MainThread:49928 [wandb_run.py:_on_finish():1831] got exit ret: None
2022-04-20 10:48:45,233 INFO    MainThread:49928 [wandb_run.py:_on_finish():1831] got exit ret: None
2022-04-20 10:48:50,334 INFO    MainThread:49928 [wandb_run.py:_on_finish():1831] got exit ret: None
2022-04-20 10:48:55,435 INFO    MainThread:49928 [wandb_run.py:_on_finish():1831] got exit ret: None
2022-04-20 10:49:00,536 INFO    MainThread:49928 [wandb_run.py:_on_finish():1831] got exit ret: None
2022-04-20 10:49:05,637 INFO    MainThread:49928 [wandb_run.py:_on_finish():1831] got exit ret: None
2022-04-20 10:49:10,738 INFO    MainThread:49928 [wandb_run.py:_on_finish():1831] got exit ret: None
2022-04-20 10:49:15,839 INFO    MainThread:49928 [wandb_run.py:_on_finish():1831] got exit ret: None
2022-04-20 10:49:20,940 INFO    MainThread:49928 [wandb_run.py:_on_finish():1831] got exit ret: None
2022-04-20 10:49:26,042 INFO    MainThread:49928 [wandb_run.py:_on_finish():1831] got exit ret: None
2022-04-20 10:49:31,143 INFO    MainThread:49928 [wandb_run.py:_on_finish():1831] got exit ret: None
2022-04-20 10:49:36,244 INFO    MainThread:49928 [wandb_run.py:_on_finish():1831] got exit ret: None
2022-04-20 10:49:41,345 INFO    MainThread:49928 [wandb_run.py:_on_finish():1831] got exit ret: None
2022-04-20 10:49:46,446 INFO    MainThread:49928 [wandb_run.py:_on_finish():1831] got exit ret: None
2022-04-20 10:49:51,547 INFO    MainThread:49928 [wandb_run.py:_on_finish():1831] got exit ret: None
2022-04-20 10:49:56,648 INFO    MainThread:49928 [wandb_run.py:_on_finish():1831] got exit ret: None
2022-04-20 10:50:01,749 INFO    MainThread:49928 [wandb_run.py:_on_finish():1831] got exit ret: None
2022-04-20 10:50:06,851 INFO    MainThread:49928 [wandb_run.py:_on_finish():1831] got exit ret: None
2022-04-20 10:50:11,952 INFO    MainThread:49928 [wandb_run.py:_on_finish():1831] got exit ret: None
2022-04-20 10:50:17,053 INFO    MainThread:49928 [wandb_run.py:_on_finish():1831] got exit ret: None
2022-04-20 10:50:22,154 INFO    MainThread:49928 [wandb_run.py:_on_finish():1831] got exit ret: None
2022-04-20 10:50:27,255 INFO    MainThread:49928 [wandb_run.py:_on_finish():1831] got exit ret: None
2022-04-20 10:50:32,356 INFO    MainThread:49928 [wandb_run.py:_on_finish():1831] got exit ret: None
2022-04-20 10:50:37,457 INFO    MainThread:49928 [wandb_run.py:_on_finish():1831] got exit ret: None
2022-04-20 10:50:42,558 INFO    MainThread:49928 [wandb_run.py:_on_finish():1831] got exit ret: None
2022-04-20 10:50:47,660 INFO    MainThread:49928 [wandb_run.py:_on_finish():1831] got exit ret: None
2022-04-20 10:50:52,761 INFO    MainThread:49928 [wandb_run.py:_on_finish():1831] got exit ret: None
2022-04-20 10:50:57,862 INFO    MainThread:49928 [wandb_run.py:_on_finish():1831] got exit ret: None
2022-04-20 10:51:02,963 INFO    MainThread:49928 [wandb_run.py:_on_finish():1831] got exit ret: None
2022-04-20 10:51:08,064 INFO    MainThread:49928 [wandb_run.py:_on_finish():1831] got exit ret: None
2022-04-20 10:51:13,165 INFO    MainThread:49928 [wandb_run.py:_on_finish():1831] got exit ret: None
2022-04-20 10:51:18,267 INFO    MainThread:49928 [wandb_run.py:_on_finish():1831] got exit ret: None
2022-04-20 10:51:23,368 INFO    MainThread:49928 [wandb_run.py:_on_finish():1831] got exit ret: None
2022-04-20 10:51:28,469 INFO    MainThread:49928 [wandb_run.py:_on_finish():1831] got exit ret: None
2022-04-20 10:51:33,570 INFO    MainThread:49928 [wandb_run.py:_on_finish():1831] got exit ret: None
2022-04-20 10:51:38,672 INFO    MainThread:49928 [wandb_run.py:_on_finish():1831] got exit ret: None
2022-04-20 10:51:43,773 INFO    MainThread:49928 [wandb_run.py:_on_finish():1831] got exit ret: None
2022-04-20 10:51:48,874 INFO    MainThread:49928 [wandb_run.py:_on_finish():1831] got exit ret: None
2022-04-20 10:51:53,975 INFO    MainThread:49928 [wandb_run.py:_on_finish():1831] got exit ret: None
2022-04-20 10:51:59,076 INFO    MainThread:49928 [wandb_run.py:_on_finish():1831] got exit ret: None
2022-04-20 10:52:04,177 INFO    MainThread:49928 [wandb_run.py:_on_finish():1831] got exit ret: None
2022-04-20 10:52:09,278 INFO    MainThread:49928 [wandb_run.py:_on_finish():1831] got exit ret: None
2022-04-20 10:52:14,379 INFO    MainThread:49928 [wandb_run.py:_on_finish():1831] got exit ret: None
2022-04-20 10:52:19,481 INFO    MainThread:49928 [wandb_run.py:_on_finish():1831] got exit ret: None
2022-04-20 10:52:24,582 INFO    MainThread:49928 [wandb_run.py:_on_finish():1831] got exit ret: None
2022-04-20 10:52:29,683 INFO    MainThread:49928 [wandb_run.py:_on_finish():1831] got exit ret: None
2022-04-20 10:52:34,784 INFO    MainThread:49928 [wandb_run.py:_on_finish():1831] got exit ret: None
2022-04-20 10:52:39,885 INFO    MainThread:49928 [wandb_run.py:_on_finish():1831] got exit ret: None
2022-04-20 10:52:44,986 INFO    MainThread:49928 [wandb_run.py:_on_finish():1831] got exit ret: None
2022-04-20 10:52:50,087 INFO    MainThread:49928 [wandb_run.py:_on_finish():1831] got exit ret: None
2022-04-20 10:52:55,189 INFO    MainThread:49928 [wandb_run.py:_on_finish():1831] got exit ret: None
2022-04-20 10:53:00,290 INFO    MainThread:49928 [wandb_run.py:_on_finish():1831] got exit ret: None
2022-04-20 10:53:05,391 INFO    MainThread:49928 [wandb_run.py:_on_finish():1831] got exit ret: None
2022-04-20 10:53:10,492 INFO    MainThread:49928 [wandb_run.py:_on_finish():1831] got exit ret: None
2022-04-20 10:53:15,593 INFO    MainThread:49928 [wandb_run.py:_on_finish():1831] got exit ret: None
2022-04-20 10:53:20,694 INFO    MainThread:49928 [wandb_run.py:_on_finish():1831] got exit ret: None
2022-04-20 10:53:25,796 INFO    MainThread:49928 [wandb_run.py:_on_finish():1831] got exit ret: None
2022-04-20 10:53:30,897 INFO    MainThread:49928 [wandb_run.py:_on_finish():1831] got exit ret: None
2022-04-20 10:53:35,998 INFO    MainThread:49928 [wandb_run.py:_on_finish():1831] got exit ret: None
2022-04-20 10:53:41,099 INFO    MainThread:49928 [wandb_run.py:_on_finish():1831] got exit ret: None
2022-04-20 10:53:46,200 INFO    MainThread:49928 [wandb_run.py:_on_finish():1831] got exit ret: None
2022-04-20 10:53:51,301 INFO    MainThread:49928 [wandb_run.py:_on_finish():1831] got exit ret: None
2022-04-20 10:53:56,403 INFO    MainThread:49928 [wandb_run.py:_on_finish():1831] got exit ret: None
2022-04-20 10:54:01,505 INFO    MainThread:49928 [wandb_run.py:_on_finish():1831] got exit ret: None
2022-04-20 10:54:06,606 INFO    MainThread:49928 [wandb_run.py:_on_finish():1831] got exit ret: None
2022-04-20 10:54:11,707 INFO    MainThread:49928 [wandb_run.py:_on_finish():1831] got exit ret: None
2022-04-20 10:54:16,808 INFO    MainThread:49928 [wandb_run.py:_on_finish():1831] got exit ret: None
2022-04-20 10:54:21,909 INFO    MainThread:49928 [wandb_run.py:_on_finish():1831] got exit ret: None
2022-04-20 10:54:27,010 INFO    MainThread:49928 [wandb_run.py:_on_finish():1831] got exit ret: None
2022-04-20 10:54:32,111 INFO    MainThread:49928 [wandb_run.py:_on_finish():1831] got exit ret: None
2022-04-20 10:54:37,213 INFO    MainThread:49928 [wandb_run.py:_on_finish():1831] got exit ret: None
2022-04-20 10:54:42,315 INFO    MainThread:49928 [wandb_run.py:_on_finish():1831] got exit ret: None
2022-04-20 10:54:47,416 INFO    MainThread:49928 [wandb_run.py:_on_finish():1831] got exit ret: None
2022-04-20 10:54:52,517 INFO    MainThread:49928 [wandb_run.py:_on_finish():1831] got exit ret: None
2022-04-20 10:54:57,618 INFO    MainThread:49928 [wandb_run.py:_on_finish():1831] got exit ret: None
2022-04-20 10:55:02,719 INFO    MainThread:49928 [wandb_run.py:_on_finish():1831] got exit ret: None
2022-04-20 10:55:07,821 INFO    MainThread:49928 [wandb_run.py:_on_finish():1831] got exit ret: None
2022-04-20 10:55:12,922 INFO    MainThread:49928 [wandb_run.py:_on_finish():1831] got exit ret: None
2022-04-20 10:55:18,023 INFO    MainThread:49928 [wandb_run.py:_on_finish():1831] got exit ret: None
2022-04-20 10:55:23,124 INFO    MainThread:49928 [wandb_run.py:_on_finish():1831] got exit ret: None
2022-04-20 10:55:28,226 INFO    MainThread:49928 [wandb_run.py:_on_finish():1831] got exit ret: None
2022-04-20 10:55:33,327 INFO    MainThread:49928 [wandb_run.py:_on_finish():1831] got exit ret: None
2022-04-20 10:55:38,428 INFO    MainThread:49928 [wandb_run.py:_on_finish():1831] got exit ret: None
2022-04-20 10:55:43,529 INFO    MainThread:49928 [wandb_run.py:_on_finish():1831] got exit ret: None
2022-04-20 10:55:48,631 INFO    MainThread:49928 [wandb_run.py:_on_finish():1831] got exit ret: None
2022-04-20 10:55:53,732 INFO    MainThread:49928 [wandb_run.py:_on_finish():1831] got exit ret: None
2022-04-20 10:55:58,833 INFO    MainThread:49928 [wandb_run.py:_on_finish():1831] got exit ret: None
2022-04-20 10:56:03,934 INFO    MainThread:49928 [wandb_run.py:_on_finish():1831] got exit ret: None
2022-04-20 10:56:09,035 INFO    MainThread:49928 [wandb_run.py:_on_finish():1831] got exit ret: None
2022-04-20 10:56:14,136 INFO    MainThread:49928 [wandb_run.py:_on_finish():1831] got exit ret: None
2022-04-20 10:56:19,238 INFO    MainThread:49928 [wandb_run.py:_on_finish():1831] got exit ret: None
2022-04-20 10:56:24,339 INFO    MainThread:49928 [wandb_run.py:_on_finish():1831] got exit ret: None
2022-04-20 10:56:29,440 INFO    MainThread:49928 [wandb_run.py:_on_finish():1831] got exit ret: None
2022-04-20 10:56:34,541 INFO    MainThread:49928 [wandb_run.py:_on_finish():1831] got exit ret: None
2022-04-20 10:56:39,642 INFO    MainThread:49928 [wandb_run.py:_on_finish():1831] got exit ret: None
2022-04-20 10:56:44,743 INFO    MainThread:49928 [wandb_run.py:_on_finish():1831] got exit ret: None
2022-04-20 10:56:49,845 INFO    MainThread:49928 [wandb_run.py:_on_finish():1831] got exit ret: None
2022-04-20 10:56:54,946 INFO    MainThread:49928 [wandb_run.py:_on_finish():1831] got exit ret: None
2022-04-20 10:57:00,047 INFO    MainThread:49928 [wandb_run.py:_on_finish():1831] got exit ret: None
2022-04-20 10:57:05,148 INFO    MainThread:49928 [wandb_run.py:_on_finish():1831] got exit ret: None
2022-04-20 10:57:10,250 INFO    MainThread:49928 [wandb_run.py:_on_finish():1831] got exit ret: None
2022-04-20 10:57:15,351 INFO    MainThread:49928 [wandb_run.py:_on_finish():1831] got exit ret: None
2022-04-20 10:57:20,452 INFO    MainThread:49928 [wandb_run.py:_on_finish():1831] got exit ret: None
2022-04-20 10:57:25,553 INFO    MainThread:49928 [wandb_run.py:_on_finish():1831] got exit ret: None
2022-04-20 10:57:30,654 INFO    MainThread:49928 [wandb_run.py:_on_finish():1831] got exit ret: None
2022-04-20 10:57:35,756 INFO    MainThread:49928 [wandb_run.py:_on_finish():1831] got exit ret: None
2022-04-20 10:57:40,857 INFO    MainThread:49928 [wandb_run.py:_on_finish():1831] got exit ret: None
2022-04-20 10:57:45,958 INFO    MainThread:49928 [wandb_run.py:_on_finish():1831] got exit ret: None
2022-04-20 10:57:51,059 INFO    MainThread:49928 [wandb_run.py:_on_finish():1831] got exit ret: None
2022-04-20 10:57:56,161 INFO    MainThread:49928 [wandb_run.py:_on_finish():1831] got exit ret: None
2022-04-20 10:58:01,262 INFO    MainThread:49928 [wandb_run.py:_on_finish():1831] got exit ret: None
2022-04-20 10:58:06,363 INFO    MainThread:49928 [wandb_run.py:_on_finish():1831] got exit ret: None
2022-04-20 10:58:11,464 INFO    MainThread:49928 [wandb_run.py:_on_finish():1831] got exit ret: None
2022-04-20 10:58:16,565 INFO    MainThread:49928 [wandb_run.py:_on_finish():1831] got exit ret: None
2022-04-20 10:58:21,667 INFO    MainThread:49928 [wandb_run.py:_on_finish():1831] got exit ret: None
2022-04-20 10:58:26,768 INFO    MainThread:49928 [wandb_run.py:_on_finish():1831] got exit ret: None
2022-04-20 10:58:31,869 INFO    MainThread:49928 [wandb_run.py:_on_finish():1831] got exit ret: None
2022-04-20 10:58:36,970 INFO    MainThread:49928 [wandb_run.py:_on_finish():1831] got exit ret: None
2022-04-20 10:58:42,071 INFO    MainThread:49928 [wandb_run.py:_on_finish():1831] got exit ret: None
2022-04-20 10:58:47,172 INFO    MainThread:49928 [wandb_run.py:_on_finish():1831] got exit ret: None
2022-04-20 10:58:52,274 INFO    MainThread:49928 [wandb_run.py:_on_finish():1831] got exit ret: None
2022-04-20 10:58:57,375 INFO    MainThread:49928 [wandb_run.py:_on_finish():1831] got exit ret: None
2022-04-20 10:59:02,476 INFO    MainThread:49928 [wandb_run.py:_on_finish():1831] got exit ret: None
2022-04-20 10:59:07,578 INFO    MainThread:49928 [wandb_run.py:_on_finish():1831] got exit ret: None
2022-04-20 10:59:12,679 INFO    MainThread:49928 [wandb_run.py:_on_finish():1831] got exit ret: None
2022-04-20 10:59:17,780 INFO    MainThread:49928 [wandb_run.py:_on_finish():1831] got exit ret: None
2022-04-20 10:59:22,882 INFO    MainThread:49928 [wandb_run.py:_on_finish():1831] got exit ret: None
2022-04-20 10:59:27,983 INFO    MainThread:49928 [wandb_run.py:_on_finish():1831] got exit ret: None
2022-04-20 10:59:33,085 INFO    MainThread:49928 [wandb_run.py:_on_finish():1831] got exit ret: None
2022-04-20 10:59:38,187 INFO    MainThread:49928 [wandb_run.py:_on_finish():1831] got exit ret: None
2022-04-20 10:59:43,288 INFO    MainThread:49928 [wandb_run.py:_on_finish():1831] got exit ret: None
2022-04-20 10:59:48,389 INFO    MainThread:49928 [wandb_run.py:_on_finish():1831] got exit ret: None
2022-04-20 10:59:53,490 INFO    MainThread:49928 [wandb_run.py:_on_finish():1831] got exit ret: None
2022-04-20 10:59:58,592 INFO    MainThread:49928 [wandb_run.py:_on_finish():1831] got exit ret: None
2022-04-20 11:00:03,693 INFO    MainThread:49928 [wandb_run.py:_on_finish():1831] got exit ret: None
2022-04-20 11:00:08,794 INFO    MainThread:49928 [wandb_run.py:_on_finish():1831] got exit ret: None
2022-04-20 11:00:13,895 INFO    MainThread:49928 [wandb_run.py:_on_finish():1831] got exit ret: None
2022-04-20 11:00:18,996 INFO    MainThread:49928 [wandb_run.py:_on_finish():1831] got exit ret: None
2022-04-20 11:00:24,097 INFO    MainThread:49928 [wandb_run.py:_on_finish():1831] got exit ret: None
2022-04-20 11:00:29,199 INFO    MainThread:49928 [wandb_run.py:_on_finish():1831] got exit ret: None
2022-04-20 11:00:34,300 INFO    MainThread:49928 [wandb_run.py:_on_finish():1831] got exit ret: None
2022-04-20 11:00:39,401 INFO    MainThread:49928 [wandb_run.py:_on_finish():1831] got exit ret: None
2022-04-20 11:00:44,502 INFO    MainThread:49928 [wandb_run.py:_on_finish():1831] got exit ret: None
2022-04-20 11:00:49,603 INFO    MainThread:49928 [wandb_run.py:_on_finish():1831] got exit ret: None
2022-04-20 11:00:54,704 INFO    MainThread:49928 [wandb_run.py:_on_finish():1831] got exit ret: None
2022-04-20 11:00:59,805 INFO    MainThread:49928 [wandb_run.py:_on_finish():1831] got exit ret: None
2022-04-20 11:01:04,907 INFO    MainThread:49928 [wandb_run.py:_on_finish():1831] got exit ret: None
2022-04-20 11:01:10,008 INFO    MainThread:49928 [wandb_run.py:_on_finish():1831] got exit ret: None
2022-04-20 11:01:15,109 INFO    MainThread:49928 [wandb_run.py:_on_finish():1831] got exit ret: None
2022-04-20 11:01:20,210 INFO    MainThread:49928 [wandb_run.py:_on_finish():1831] got exit ret: None
2022-04-20 11:01:25,311 INFO    MainThread:49928 [wandb_run.py:_on_finish():1831] got exit ret: None
2022-04-20 11:01:30,413 INFO    MainThread:49928 [wandb_run.py:_on_finish():1831] got exit ret: None
2022-04-20 11:01:35,514 INFO    MainThread:49928 [wandb_run.py:_on_finish():1831] got exit ret: None
2022-04-20 11:01:40,615 INFO    MainThread:49928 [wandb_run.py:_on_finish():1831] got exit ret: None
2022-04-20 11:01:45,716 INFO    MainThread:49928 [wandb_run.py:_on_finish():1831] got exit ret: None
2022-04-20 11:01:50,817 INFO    MainThread:49928 [wandb_run.py:_on_finish():1831] got exit ret: None
2022-04-20 11:01:55,918 INFO    MainThread:49928 [wandb_run.py:_on_finish():1831] got exit ret: None
2022-04-20 11:02:01,020 INFO    MainThread:49928 [wandb_run.py:_on_finish():1831] got exit ret: None
2022-04-20 11:02:06,121 INFO    MainThread:49928 [wandb_run.py:_on_finish():1831] got exit ret: None
2022-04-20 11:02:11,222 INFO    MainThread:49928 [wandb_run.py:_on_finish():1831] got exit ret: None
2022-04-20 11:02:16,323 INFO    MainThread:49928 [wandb_run.py:_on_finish():1831] got exit ret: None
2022-04-20 11:02:21,424 INFO    MainThread:49928 [wandb_run.py:_on_finish():1831] got exit ret: None
2022-04-20 11:02:26,526 INFO    MainThread:49928 [wandb_run.py:_on_finish():1831] got exit ret: None
2022-04-20 11:02:31,627 INFO    MainThread:49928 [wandb_run.py:_on_finish():1831] got exit ret: None
2022-04-20 11:02:36,727 INFO    MainThread:49928 [wandb_run.py:_on_finish():1831] got exit ret: None
2022-04-20 11:02:41,829 INFO    MainThread:49928 [wandb_run.py:_on_finish():1831] got exit ret: None
2022-04-20 11:02:46,930 INFO    MainThread:49928 [wandb_run.py:_on_finish():1831] got exit ret: None
2022-04-20 11:02:52,031 INFO    MainThread:49928 [wandb_run.py:_on_finish():1831] got exit ret: None
2022-04-20 11:02:57,131 INFO    MainThread:49928 [wandb_run.py:_on_finish():1831] got exit ret: None
2022-04-20 11:03:02,232 INFO    MainThread:49928 [wandb_run.py:_on_finish():1831] got exit ret: None
2022-04-20 11:03:07,334 INFO    MainThread:49928 [wandb_run.py:_on_finish():1831] got exit ret: None
2022-04-20 11:03:12,435 INFO    MainThread:49928 [wandb_run.py:_on_finish():1831] got exit ret: None
2022-04-20 11:03:17,536 INFO    MainThread:49928 [wandb_run.py:_on_finish():1831] got exit ret: None
2022-04-20 11:03:22,637 INFO    MainThread:49928 [wandb_run.py:_on_finish():1831] got exit ret: None
2022-04-20 11:03:27,738 INFO    MainThread:49928 [wandb_run.py:_on_finish():1831] got exit ret: None
2022-04-20 11:03:32,839 INFO    MainThread:49928 [wandb_run.py:_on_finish():1831] got exit ret: None
2022-04-20 11:03:37,941 INFO    MainThread:49928 [wandb_run.py:_on_finish():1831] got exit ret: None
2022-04-20 11:03:43,042 INFO    MainThread:49928 [wandb_run.py:_on_finish():1831] got exit ret: None
2022-04-20 11:03:48,143 INFO    MainThread:49928 [wandb_run.py:_on_finish():1831] got exit ret: None
2022-04-20 11:03:53,244 INFO    MainThread:49928 [wandb_run.py:_on_finish():1831] got exit ret: None
2022-04-20 11:03:58,345 INFO    MainThread:49928 [wandb_run.py:_on_finish():1831] got exit ret: None
2022-04-20 11:04:03,446 INFO    MainThread:49928 [wandb_run.py:_on_finish():1831] got exit ret: None
2022-04-20 11:04:08,547 INFO    MainThread:49928 [wandb_run.py:_on_finish():1831] got exit ret: None
2022-04-20 11:04:13,648 INFO    MainThread:49928 [wandb_run.py:_on_finish():1831] got exit ret: None
2022-04-20 11:04:18,749 INFO    MainThread:49928 [wandb_run.py:_on_finish():1831] got exit ret: None
2022-04-20 11:04:23,850 INFO    MainThread:49928 [wandb_run.py:_on_finish():1831] got exit ret: None
2022-04-20 11:04:28,951 INFO    MainThread:49928 [wandb_run.py:_on_finish():1831] got exit ret: None
2022-04-20 11:04:34,052 INFO    MainThread:49928 [wandb_run.py:_on_finish():1831] got exit ret: None
2022-04-20 11:04:39,154 INFO    MainThread:49928 [wandb_run.py:_on_finish():1831] got exit ret: None
2022-04-20 11:04:44,255 INFO    MainThread:49928 [wandb_run.py:_on_finish():1831] got exit ret: None
2022-04-20 11:04:49,356 INFO    MainThread:49928 [wandb_run.py:_on_finish():1831] got exit ret: None
2022-04-20 11:04:54,457 INFO    MainThread:49928 [wandb_run.py:_on_finish():1831] got exit ret: None
2022-04-20 11:04:59,558 INFO    MainThread:49928 [wandb_run.py:_on_finish():1831] got exit ret: None
2022-04-20 11:05:04,659 INFO    MainThread:49928 [wandb_run.py:_on_finish():1831] got exit ret: None
2022-04-20 11:05:09,760 INFO    MainThread:49928 [wandb_run.py:_on_finish():1831] got exit ret: None
2022-04-20 11:05:14,861 INFO    MainThread:49928 [wandb_run.py:_on_finish():1831] got exit ret: None
2022-04-20 11:05:19,963 INFO    MainThread:49928 [wandb_run.py:_on_finish():1831] got exit ret: None
2022-04-20 11:05:25,064 INFO    MainThread:49928 [wandb_run.py:_on_finish():1831] got exit ret: None
2022-04-20 11:05:30,165 INFO    MainThread:49928 [wandb_run.py:_on_finish():1831] got exit ret: None
2022-04-20 11:05:35,266 INFO    MainThread:49928 [wandb_run.py:_on_finish():1831] got exit ret: None
2022-04-20 11:05:40,367 INFO    MainThread:49928 [wandb_run.py:_on_finish():1831] got exit ret: None
2022-04-20 11:05:45,468 INFO    MainThread:49928 [wandb_run.py:_on_finish():1831] got exit ret: None
2022-04-20 11:05:50,569 INFO    MainThread:49928 [wandb_run.py:_on_finish():1831] got exit ret: None
2022-04-20 11:05:55,671 INFO    MainThread:49928 [wandb_run.py:_on_finish():1831] got exit ret: None
2022-04-20 11:06:00,772 INFO    MainThread:49928 [wandb_run.py:_on_finish():1831] got exit ret: None
2022-04-20 11:06:05,873 INFO    MainThread:49928 [wandb_run.py:_on_finish():1831] got exit ret: None
2022-04-20 11:06:10,974 INFO    MainThread:49928 [wandb_run.py:_on_finish():1831] got exit ret: None
2022-04-20 11:06:16,075 INFO    MainThread:49928 [wandb_run.py:_on_finish():1831] got exit ret: None
2022-04-20 11:06:21,176 INFO    MainThread:49928 [wandb_run.py:_on_finish():1831] got exit ret: None
2022-04-20 11:06:26,277 INFO    MainThread:49928 [wandb_run.py:_on_finish():1831] got exit ret: None
2022-04-20 11:06:31,378 INFO    MainThread:49928 [wandb_run.py:_on_finish():1831] got exit ret: None
2022-04-20 11:06:36,479 INFO    MainThread:49928 [wandb_run.py:_on_finish():1831] got exit ret: None
2022-04-20 11:06:41,580 INFO    MainThread:49928 [wandb_run.py:_on_finish():1831] got exit ret: None
2022-04-20 11:06:46,681 INFO    MainThread:49928 [wandb_run.py:_on_finish():1831] got exit ret: None
2022-04-20 11:06:51,783 INFO    MainThread:49928 [wandb_run.py:_on_finish():1831] got exit ret: None
2022-04-20 11:06:56,884 INFO    MainThread:49928 [wandb_run.py:_on_finish():1831] got exit ret: None
2022-04-20 11:07:01,985 INFO    MainThread:49928 [wandb_run.py:_on_finish():1831] got exit ret: None
2022-04-20 11:07:07,086 INFO    MainThread:49928 [wandb_run.py:_on_finish():1831] got exit ret: None
2022-04-20 11:07:12,187 INFO    MainThread:49928 [wandb_run.py:_on_finish():1831] got exit ret: None
2022-04-20 11:07:17,288 INFO    MainThread:49928 [wandb_run.py:_on_finish():1831] got exit ret: None
2022-04-20 11:07:22,389 INFO    MainThread:49928 [wandb_run.py:_on_finish():1831] got exit ret: None
2022-04-20 11:07:27,491 INFO    MainThread:49928 [wandb_run.py:_on_finish():1831] got exit ret: None
2022-04-20 11:07:32,592 INFO    MainThread:49928 [wandb_run.py:_on_finish():1831] got exit ret: None
2022-04-20 11:07:37,693 INFO    MainThread:49928 [wandb_run.py:_on_finish():1831] got exit ret: None
2022-04-20 11:07:42,794 INFO    MainThread:49928 [wandb_run.py:_on_finish():1831] got exit ret: None
2022-04-20 11:07:47,895 INFO    MainThread:49928 [wandb_run.py:_on_finish():1831] got exit ret: None
2022-04-20 11:07:52,996 INFO    MainThread:49928 [wandb_run.py:_on_finish():1831] got exit ret: None
2022-04-20 11:07:58,097 INFO    MainThread:49928 [wandb_run.py:_on_finish():1831] got exit ret: None
2022-04-20 11:08:03,198 INFO    MainThread:49928 [wandb_run.py:_on_finish():1831] got exit ret: None
2022-04-20 11:08:08,300 INFO    MainThread:49928 [wandb_run.py:_on_finish():1831] got exit ret: None
2022-04-20 11:08:13,401 INFO    MainThread:49928 [wandb_run.py:_on_finish():1831] got exit ret: None
2022-04-20 11:08:18,502 INFO    MainThread:49928 [wandb_run.py:_on_finish():1831] got exit ret: None
2022-04-20 11:08:23,603 INFO    MainThread:49928 [wandb_run.py:_on_finish():1831] got exit ret: None
2022-04-20 11:08:28,704 INFO    MainThread:49928 [wandb_run.py:_on_finish():1831] got exit ret: None
2022-04-20 11:08:33,805 INFO    MainThread:49928 [wandb_run.py:_on_finish():1831] got exit ret: None
2022-04-20 11:08:38,906 INFO    MainThread:49928 [wandb_run.py:_on_finish():1831] got exit ret: None
2022-04-20 11:08:44,007 INFO    MainThread:49928 [wandb_run.py:_on_finish():1831] got exit ret: None
2022-04-20 11:08:49,108 INFO    MainThread:49928 [wandb_run.py:_on_finish():1831] got exit ret: None
2022-04-20 11:08:54,209 INFO    MainThread:49928 [wandb_run.py:_on_finish():1831] got exit ret: None
2022-04-20 11:08:59,310 INFO    MainThread:49928 [wandb_run.py:_on_finish():1831] got exit ret: None
2022-04-20 11:09:04,411 INFO    MainThread:49928 [wandb_run.py:_on_finish():1831] got exit ret: None
2022-04-20 11:09:09,513 INFO    MainThread:49928 [wandb_run.py:_on_finish():1831] got exit ret: None
2022-04-20 11:09:14,614 INFO    MainThread:49928 [wandb_run.py:_on_finish():1831] got exit ret: None
2022-04-20 11:09:19,715 INFO    MainThread:49928 [wandb_run.py:_on_finish():1831] got exit ret: None
2022-04-20 11:09:24,816 INFO    MainThread:49928 [wandb_run.py:_on_finish():1831] got exit ret: None
2022-04-20 11:09:29,917 INFO    MainThread:49928 [wandb_run.py:_on_finish():1831] got exit ret: None
2022-04-20 11:09:35,018 INFO    MainThread:49928 [wandb_run.py:_on_finish():1831] got exit ret: None
2022-04-20 11:09:40,119 INFO    MainThread:49928 [wandb_run.py:_on_finish():1831] got exit ret: None
2022-04-20 11:09:45,221 INFO    MainThread:49928 [wandb_run.py:_on_finish():1831] got exit ret: None
2022-04-20 11:09:50,322 INFO    MainThread:49928 [wandb_run.py:_on_finish():1831] got exit ret: None
2022-04-20 11:09:55,423 INFO    MainThread:49928 [wandb_run.py:_on_finish():1831] got exit ret: None
2022-04-20 11:10:00,524 INFO    MainThread:49928 [wandb_run.py:_on_finish():1831] got exit ret: None
2022-04-20 11:10:05,625 INFO    MainThread:49928 [wandb_run.py:_on_finish():1831] got exit ret: None
2022-04-20 11:10:10,726 INFO    MainThread:49928 [wandb_run.py:_on_finish():1831] got exit ret: None
2022-04-20 11:10:15,827 INFO    MainThread:49928 [wandb_run.py:_on_finish():1831] got exit ret: None
2022-04-20 11:10:20,928 INFO    MainThread:49928 [wandb_run.py:_on_finish():1831] got exit ret: None
2022-04-20 11:10:26,030 INFO    MainThread:49928 [wandb_run.py:_on_finish():1831] got exit ret: None
2022-04-20 11:10:31,131 INFO    MainThread:49928 [wandb_run.py:_on_finish():1831] got exit ret: None
2022-04-20 11:10:36,231 INFO    MainThread:49928 [wandb_run.py:_on_finish():1831] got exit ret: None
2022-04-20 11:10:41,333 INFO    MainThread:49928 [wandb_run.py:_on_finish():1831] got exit ret: None
2022-04-20 11:10:46,434 INFO    MainThread:49928 [wandb_run.py:_on_finish():1831] got exit ret: None
2022-04-20 11:10:51,535 INFO    MainThread:49928 [wandb_run.py:_on_finish():1831] got exit ret: None
2022-04-20 11:10:56,636 INFO    MainThread:49928 [wandb_run.py:_on_finish():1831] got exit ret: None
2022-04-20 11:11:01,737 INFO    MainThread:49928 [wandb_run.py:_on_finish():1831] got exit ret: None
2022-04-20 11:11:06,838 INFO    MainThread:49928 [wandb_run.py:_on_finish():1831] got exit ret: None
2022-04-20 11:11:11,939 INFO    MainThread:49928 [wandb_run.py:_on_finish():1831] got exit ret: None
2022-04-20 11:11:17,040 INFO    MainThread:49928 [wandb_run.py:_on_finish():1831] got exit ret: None
2022-04-20 11:11:22,141 INFO    MainThread:49928 [wandb_run.py:_on_finish():1831] got exit ret: None
2022-04-20 11:11:27,242 INFO    MainThread:49928 [wandb_run.py:_on_finish():1831] got exit ret: None
2022-04-20 11:11:32,343 INFO    MainThread:49928 [wandb_run.py:_on_finish():1831] got exit ret: None
2022-04-20 11:11:37,444 INFO    MainThread:49928 [wandb_run.py:_on_finish():1831] got exit ret: None
2022-04-20 11:11:42,546 INFO    MainThread:49928 [wandb_run.py:_on_finish():1831] got exit ret: None
2022-04-20 11:11:47,647 INFO    MainThread:49928 [wandb_run.py:_on_finish():1831] got exit ret: None
2022-04-20 11:11:52,748 INFO    MainThread:49928 [wandb_run.py:_on_finish():1831] got exit ret: None
2022-04-20 11:11:57,849 INFO    MainThread:49928 [wandb_run.py:_on_finish():1831] got exit ret: None
2022-04-20 11:12:02,950 INFO    MainThread:49928 [wandb_run.py:_on_finish():1831] got exit ret: None
2022-04-20 11:12:08,051 INFO    MainThread:49928 [wandb_run.py:_on_finish():1831] got exit ret: None
2022-04-20 11:12:13,152 INFO    MainThread:49928 [wandb_run.py:_on_finish():1831] got exit ret: None
2022-04-20 11:12:18,253 INFO    MainThread:49928 [wandb_run.py:_on_finish():1831] got exit ret: None
2022-04-20 11:12:23,354 INFO    MainThread:49928 [wandb_run.py:_on_finish():1831] got exit ret: None
2022-04-20 11:12:28,455 INFO    MainThread:49928 [wandb_run.py:_on_finish():1831] got exit ret: None
2022-04-20 11:12:33,557 INFO    MainThread:49928 [wandb_run.py:_on_finish():1831] got exit ret: None
2022-04-20 11:12:38,658 INFO    MainThread:49928 [wandb_run.py:_on_finish():1831] got exit ret: None
2022-04-20 11:12:43,759 INFO    MainThread:49928 [wandb_run.py:_on_finish():1831] got exit ret: None
2022-04-20 11:12:48,860 INFO    MainThread:49928 [wandb_run.py:_on_finish():1831] got exit ret: None
2022-04-20 11:12:53,961 INFO    MainThread:49928 [wandb_run.py:_on_finish():1831] got exit ret: None
2022-04-20 11:12:59,062 INFO    MainThread:49928 [wandb_run.py:_on_finish():1831] got exit ret: None
2022-04-20 11:13:04,163 INFO    MainThread:49928 [wandb_run.py:_on_finish():1831] got exit ret: None
2022-04-20 11:13:09,264 INFO    MainThread:49928 [wandb_run.py:_on_finish():1831] got exit ret: None
2022-04-20 11:13:14,365 INFO    MainThread:49928 [wandb_run.py:_on_finish():1831] got exit ret: None
2022-04-20 11:13:19,467 INFO    MainThread:49928 [wandb_run.py:_on_finish():1831] got exit ret: None
2022-04-20 11:13:24,568 INFO    MainThread:49928 [wandb_run.py:_on_finish():1831] got exit ret: None
2022-04-20 11:13:29,669 INFO    MainThread:49928 [wandb_run.py:_on_finish():1831] got exit ret: None
2022-04-20 11:13:34,770 INFO    MainThread:49928 [wandb_run.py:_on_finish():1831] got exit ret: None
2022-04-20 11:13:39,871 INFO    MainThread:49928 [wandb_run.py:_on_finish():1831] got exit ret: None
2022-04-20 11:13:44,972 INFO    MainThread:49928 [wandb_run.py:_on_finish():1831] got exit ret: None
2022-04-20 11:13:50,073 INFO    MainThread:49928 [wandb_run.py:_on_finish():1831] got exit ret: None
2022-04-20 11:13:55,174 INFO    MainThread:49928 [wandb_run.py:_on_finish():1831] got exit ret: None
2022-04-20 11:14:00,275 INFO    MainThread:49928 [wandb_run.py:_on_finish():1831] got exit ret: None
2022-04-20 11:14:05,376 INFO    MainThread:49928 [wandb_run.py:_on_finish():1831] got exit ret: None
2022-04-20 11:14:10,478 INFO    MainThread:49928 [wandb_run.py:_on_finish():1831] got exit ret: None
2022-04-20 11:14:15,579 INFO    MainThread:49928 [wandb_run.py:_on_finish():1831] got exit ret: None
2022-04-20 11:14:20,679 INFO    MainThread:49928 [wandb_run.py:_on_finish():1831] got exit ret: None
2022-04-20 11:14:25,781 INFO    MainThread:49928 [wandb_run.py:_on_finish():1831] got exit ret: None
2022-04-20 11:14:30,882 INFO    MainThread:49928 [wandb_run.py:_on_finish():1831] got exit ret: None
2022-04-20 11:14:35,983 INFO    MainThread:49928 [wandb_run.py:_on_finish():1831] got exit ret: None
2022-04-20 11:14:41,084 INFO    MainThread:49928 [wandb_run.py:_on_finish():1831] got exit ret: None
2022-04-20 11:14:46,185 INFO    MainThread:49928 [wandb_run.py:_on_finish():1831] got exit ret: None
2022-04-20 11:14:51,286 INFO    MainThread:49928 [wandb_run.py:_on_finish():1831] got exit ret: None
2022-04-20 11:14:56,387 INFO    MainThread:49928 [wandb_run.py:_on_finish():1831] got exit ret: None
2022-04-20 11:15:01,488 INFO    MainThread:49928 [wandb_run.py:_on_finish():1831] got exit ret: None
2022-04-20 11:15:06,589 INFO    MainThread:49928 [wandb_run.py:_on_finish():1831] got exit ret: None
2022-04-20 11:15:11,691 INFO    MainThread:49928 [wandb_run.py:_on_finish():1831] got exit ret: None
2022-04-20 11:15:16,792 INFO    MainThread:49928 [wandb_run.py:_on_finish():1831] got exit ret: None
2022-04-20 11:15:21,893 INFO    MainThread:49928 [wandb_run.py:_on_finish():1831] got exit ret: None
2022-04-20 11:15:26,994 INFO    MainThread:49928 [wandb_run.py:_on_finish():1831] got exit ret: None
2022-04-20 11:15:32,095 INFO    MainThread:49928 [wandb_run.py:_on_finish():1831] got exit ret: None
2022-04-20 11:15:37,196 INFO    MainThread:49928 [wandb_run.py:_on_finish():1831] got exit ret: None
2022-04-20 11:15:42,297 INFO    MainThread:49928 [wandb_run.py:_on_finish():1831] got exit ret: None
2022-04-20 11:15:47,398 INFO    MainThread:49928 [wandb_run.py:_on_finish():1831] got exit ret: None
2022-04-20 11:15:52,499 INFO    MainThread:49928 [wandb_run.py:_on_finish():1831] got exit ret: None
2022-04-20 11:15:57,600 INFO    MainThread:49928 [wandb_run.py:_on_finish():1831] got exit ret: None
2022-04-20 11:16:02,702 INFO    MainThread:49928 [wandb_run.py:_on_finish():1831] got exit ret: None
2022-04-20 11:16:07,803 INFO    MainThread:49928 [wandb_run.py:_on_finish():1831] got exit ret: None
2022-04-20 11:16:12,904 INFO    MainThread:49928 [wandb_run.py:_on_finish():1831] got exit ret: None
2022-04-20 11:16:18,005 INFO    MainThread:49928 [wandb_run.py:_on_finish():1831] got exit ret: None
2022-04-20 11:16:23,106 INFO    MainThread:49928 [wandb_run.py:_on_finish():1831] got exit ret: None
2022-04-20 11:16:28,207 INFO    MainThread:49928 [wandb_run.py:_on_finish():1831] got exit ret: None
2022-04-20 11:16:33,308 INFO    MainThread:49928 [wandb_run.py:_on_finish():1831] got exit ret: None
2022-04-20 11:16:38,409 INFO    MainThread:49928 [wandb_run.py:_on_finish():1831] got exit ret: None
2022-04-20 11:16:43,510 INFO    MainThread:49928 [wandb_run.py:_on_finish():1831] got exit ret: None
2022-04-20 11:16:48,611 INFO    MainThread:49928 [wandb_run.py:_on_finish():1831] got exit ret: None
2022-04-20 11:16:53,712 INFO    MainThread:49928 [wandb_run.py:_on_finish():1831] got exit ret: None
2022-04-20 11:16:58,813 INFO    MainThread:49928 [wandb_run.py:_on_finish():1831] got exit ret: None
2022-04-20 11:17:03,915 INFO    MainThread:49928 [wandb_run.py:_on_finish():1831] got exit ret: None
2022-04-20 11:17:09,016 INFO    MainThread:49928 [wandb_run.py:_on_finish():1831] got exit ret: None
2022-04-20 11:17:14,117 INFO    MainThread:49928 [wandb_run.py:_on_finish():1831] got exit ret: None
2022-04-20 11:17:19,218 INFO    MainThread:49928 [wandb_run.py:_on_finish():1831] got exit ret: None
2022-04-20 11:17:24,319 INFO    MainThread:49928 [wandb_run.py:_on_finish():1831] got exit ret: None
2022-04-20 11:17:29,420 INFO    MainThread:49928 [wandb_run.py:_on_finish():1831] got exit ret: None
2022-04-20 11:17:34,521 INFO    MainThread:49928 [wandb_run.py:_on_finish():1831] got exit ret: None
2022-04-20 11:17:39,622 INFO    MainThread:49928 [wandb_run.py:_on_finish():1831] got exit ret: None
2022-04-20 11:17:44,724 INFO    MainThread:49928 [wandb_run.py:_on_finish():1831] got exit ret: None
2022-04-20 11:17:49,825 INFO    MainThread:49928 [wandb_run.py:_on_finish():1831] got exit ret: None
2022-04-20 11:17:54,926 INFO    MainThread:49928 [wandb_run.py:_on_finish():1831] got exit ret: None
2022-04-20 11:18:00,027 INFO    MainThread:49928 [wandb_run.py:_on_finish():1831] got exit ret: None
2022-04-20 11:18:05,128 INFO    MainThread:49928 [wandb_run.py:_on_finish():1831] got exit ret: None
2022-04-20 11:18:10,229 INFO    MainThread:49928 [wandb_run.py:_on_finish():1831] got exit ret: None
2022-04-20 11:18:15,330 INFO    MainThread:49928 [wandb_run.py:_on_finish():1831] got exit ret: None
2022-04-20 11:18:20,431 INFO    MainThread:49928 [wandb_run.py:_on_finish():1831] got exit ret: None
2022-04-20 11:18:25,533 INFO    MainThread:49928 [wandb_run.py:_on_finish():1831] got exit ret: None
2022-04-20 11:18:30,634 INFO    MainThread:49928 [wandb_run.py:_on_finish():1831] got exit ret: None
2022-04-20 11:18:35,735 INFO    MainThread:49928 [wandb_run.py:_on_finish():1831] got exit ret: None
2022-04-20 11:18:40,836 INFO    MainThread:49928 [wandb_run.py:_on_finish():1831] got exit ret: None
2022-04-20 11:18:45,937 INFO    MainThread:49928 [wandb_run.py:_on_finish():1831] got exit ret: None
2022-04-20 11:18:51,038 INFO    MainThread:49928 [wandb_run.py:_on_finish():1831] got exit ret: None
2022-04-20 11:18:56,139 INFO    MainThread:49928 [wandb_run.py:_on_finish():1831] got exit ret: None
2022-04-20 11:19:01,241 INFO    MainThread:49928 [wandb_run.py:_on_finish():1831] got exit ret: None
2022-04-20 11:19:06,342 INFO    MainThread:49928 [wandb_run.py:_on_finish():1831] got exit ret: None
2022-04-20 11:19:11,443 INFO    MainThread:49928 [wandb_run.py:_on_finish():1831] got exit ret: None
2022-04-20 11:19:16,544 INFO    MainThread:49928 [wandb_run.py:_on_finish():1831] got exit ret: None
2022-04-20 11:19:21,645 INFO    MainThread:49928 [wandb_run.py:_on_finish():1831] got exit ret: None
2022-04-20 11:19:26,747 INFO    MainThread:49928 [wandb_run.py:_on_finish():1831] got exit ret: None
2022-04-20 11:19:31,847 INFO    MainThread:49928 [wandb_run.py:_on_finish():1831] got exit ret: None
2022-04-20 11:19:36,949 INFO    MainThread:49928 [wandb_run.py:_on_finish():1831] got exit ret: None
2022-04-20 11:19:42,050 INFO    MainThread:49928 [wandb_run.py:_on_finish():1831] got exit ret: None
2022-04-20 11:19:47,151 INFO    MainThread:49928 [wandb_run.py:_on_finish():1831] got exit ret: None
2022-04-20 11:19:52,252 INFO    MainThread:49928 [wandb_run.py:_on_finish():1831] got exit ret: None
2022-04-20 11:19:57,353 INFO    MainThread:49928 [wandb_run.py:_on_finish():1831] got exit ret: None
2022-04-20 11:20:02,454 INFO    MainThread:49928 [wandb_run.py:_on_finish():1831] got exit ret: None
2022-04-20 11:20:07,555 INFO    MainThread:49928 [wandb_run.py:_on_finish():1831] got exit ret: None
2022-04-20 11:20:12,656 INFO    MainThread:49928 [wandb_run.py:_on_finish():1831] got exit ret: None
2022-04-20 11:20:17,758 INFO    MainThread:49928 [wandb_run.py:_on_finish():1831] got exit ret: None
2022-04-20 11:20:22,859 INFO    MainThread:49928 [wandb_run.py:_on_finish():1831] got exit ret: None
2022-04-20 11:20:27,959 INFO    MainThread:49928 [wandb_run.py:_on_finish():1831] got exit ret: None
2022-04-20 11:20:33,060 INFO    MainThread:49928 [wandb_run.py:_on_finish():1831] got exit ret: None
2022-04-20 11:20:38,161 INFO    MainThread:49928 [wandb_run.py:_on_finish():1831] got exit ret: None
2022-04-20 11:20:43,263 INFO    MainThread:49928 [wandb_run.py:_on_finish():1831] got exit ret: None
2022-04-20 11:20:48,364 INFO    MainThread:49928 [wandb_run.py:_on_finish():1831] got exit ret: None
2022-04-20 11:20:53,465 INFO    MainThread:49928 [wandb_run.py:_on_finish():1831] got exit ret: None
2022-04-20 11:20:58,566 INFO    MainThread:49928 [wandb_run.py:_on_finish():1831] got exit ret: None
2022-04-20 11:21:03,667 INFO    MainThread:49928 [wandb_run.py:_on_finish():1831] got exit ret: None
2022-04-20 11:21:08,768 INFO    MainThread:49928 [wandb_run.py:_on_finish():1831] got exit ret: None
2022-04-20 11:21:13,870 INFO    MainThread:49928 [wandb_run.py:_on_finish():1831] got exit ret: None
2022-04-20 11:21:18,971 INFO    MainThread:49928 [wandb_run.py:_on_finish():1831] got exit ret: None
2022-04-20 11:21:24,072 INFO    MainThread:49928 [wandb_run.py:_on_finish():1831] got exit ret: None
2022-04-20 11:21:29,173 INFO    MainThread:49928 [wandb_run.py:_on_finish():1831] got exit ret: None
2022-04-20 11:21:34,274 INFO    MainThread:49928 [wandb_run.py:_on_finish():1831] got exit ret: None
2022-04-20 11:21:39,375 INFO    MainThread:49928 [wandb_run.py:_on_finish():1831] got exit ret: None
2022-04-20 11:21:44,475 INFO    MainThread:49928 [wandb_run.py:_on_finish():1831] got exit ret: None
2022-04-20 11:21:49,577 INFO    MainThread:49928 [wandb_run.py:_on_finish():1831] got exit ret: None
2022-04-20 11:21:54,678 INFO    MainThread:49928 [wandb_run.py:_on_finish():1831] got exit ret: None
2022-04-20 11:21:59,779 INFO    MainThread:49928 [wandb_run.py:_on_finish():1831] got exit ret: None
2022-04-20 11:22:04,880 INFO    MainThread:49928 [wandb_run.py:_on_finish():1831] got exit ret: None
2022-04-20 11:22:09,981 INFO    MainThread:49928 [wandb_run.py:_on_finish():1831] got exit ret: None
2022-04-20 11:22:15,082 INFO    MainThread:49928 [wandb_run.py:_on_finish():1831] got exit ret: None
2022-04-20 11:22:20,184 INFO    MainThread:49928 [wandb_run.py:_on_finish():1831] got exit ret: None
2022-04-20 11:22:25,285 INFO    MainThread:49928 [wandb_run.py:_on_finish():1831] got exit ret: None
2022-04-20 11:22:30,386 INFO    MainThread:49928 [wandb_run.py:_on_finish():1831] got exit ret: None
2022-04-20 11:22:35,487 INFO    MainThread:49928 [wandb_run.py:_on_finish():1831] got exit ret: None
2022-04-20 11:22:40,587 INFO    MainThread:49928 [wandb_run.py:_on_finish():1831] got exit ret: None
2022-04-20 11:22:45,691 INFO    MainThread:49928 [wandb_run.py:_on_finish():1831] got exit ret: None
2022-04-20 11:22:50,792 INFO    MainThread:49928 [wandb_run.py:_on_finish():1831] got exit ret: None
2022-04-20 11:22:55,893 INFO    MainThread:49928 [wandb_run.py:_on_finish():1831] got exit ret: None
2022-04-20 11:23:00,995 INFO    MainThread:49928 [wandb_run.py:_on_finish():1831] got exit ret: None
2022-04-20 11:23:06,096 INFO    MainThread:49928 [wandb_run.py:_on_finish():1831] got exit ret: None
2022-04-20 11:23:11,197 INFO    MainThread:49928 [wandb_run.py:_on_finish():1831] got exit ret: None
2022-04-20 11:23:16,298 INFO    MainThread:49928 [wandb_run.py:_on_finish():1831] got exit ret: None
2022-04-20 11:23:21,399 INFO    MainThread:49928 [wandb_run.py:_on_finish():1831] got exit ret: None
2022-04-20 11:23:26,500 INFO    MainThread:49928 [wandb_run.py:_on_finish():1831] got exit ret: None
2022-04-20 11:23:31,601 INFO    MainThread:49928 [wandb_run.py:_on_finish():1831] got exit ret: None
2022-04-20 11:23:36,703 INFO    MainThread:49928 [wandb_run.py:_on_finish():1831] got exit ret: None
2022-04-20 11:23:41,803 INFO    MainThread:49928 [wandb_run.py:_on_finish():1831] got exit ret: None
2022-04-20 11:23:46,905 INFO    MainThread:49928 [wandb_run.py:_on_finish():1831] got exit ret: None
2022-04-20 11:23:52,006 INFO    MainThread:49928 [wandb_run.py:_on_finish():1831] got exit ret: None
2022-04-20 11:23:57,107 INFO    MainThread:49928 [wandb_run.py:_on_finish():1831] got exit ret: None
2022-04-20 11:24:02,208 INFO    MainThread:49928 [wandb_run.py:_on_finish():1831] got exit ret: None
2022-04-20 11:24:07,309 INFO    MainThread:49928 [wandb_run.py:_on_finish():1831] got exit ret: None
2022-04-20 11:24:12,410 INFO    MainThread:49928 [wandb_run.py:_on_finish():1831] got exit ret: None
2022-04-20 11:24:17,511 INFO    MainThread:49928 [wandb_run.py:_on_finish():1831] got exit ret: None
2022-04-20 11:24:22,612 INFO    MainThread:49928 [wandb_run.py:_on_finish():1831] got exit ret: None
2022-04-20 11:24:27,713 INFO    MainThread:49928 [wandb_run.py:_on_finish():1831] got exit ret: None
2022-04-20 11:24:32,814 INFO    MainThread:49928 [wandb_run.py:_on_finish():1831] got exit ret: None
2022-04-20 11:24:37,915 INFO    MainThread:49928 [wandb_run.py:_on_finish():1831] got exit ret: None
2022-04-20 11:24:43,016 INFO    MainThread:49928 [wandb_run.py:_on_finish():1831] got exit ret: None
2022-04-20 11:24:48,117 INFO    MainThread:49928 [wandb_run.py:_on_finish():1831] got exit ret: None
2022-04-20 11:24:53,218 INFO    MainThread:49928 [wandb_run.py:_on_finish():1831] got exit ret: None
2022-04-20 11:24:58,319 INFO    MainThread:49928 [wandb_run.py:_on_finish():1831] got exit ret: None
2022-04-20 11:25:03,421 INFO    MainThread:49928 [wandb_run.py:_on_finish():1831] got exit ret: None
2022-04-20 11:25:08,522 INFO    MainThread:49928 [wandb_run.py:_on_finish():1831] got exit ret: None
2022-04-20 11:25:13,623 INFO    MainThread:49928 [wandb_run.py:_on_finish():1831] got exit ret: None
2022-04-20 11:25:18,724 INFO    MainThread:49928 [wandb_run.py:_on_finish():1831] got exit ret: None
2022-04-20 11:25:23,825 INFO    MainThread:49928 [wandb_run.py:_on_finish():1831] got exit ret: None
2022-04-20 11:25:28,926 INFO    MainThread:49928 [wandb_run.py:_on_finish():1831] got exit ret: None
2022-04-20 11:25:34,027 INFO    MainThread:49928 [wandb_run.py:_on_finish():1831] got exit ret: None
2022-04-20 11:25:39,128 INFO    MainThread:49928 [wandb_run.py:_on_finish():1831] got exit ret: None
2022-04-20 11:25:44,229 INFO    MainThread:49928 [wandb_run.py:_on_finish():1831] got exit ret: None
2022-04-20 11:25:49,330 INFO    MainThread:49928 [wandb_run.py:_on_finish():1831] got exit ret: None
2022-04-20 11:25:54,431 INFO    MainThread:49928 [wandb_run.py:_on_finish():1831] got exit ret: None
2022-04-20 11:25:59,532 INFO    MainThread:49928 [wandb_run.py:_on_finish():1831] got exit ret: None
2022-04-20 11:26:04,634 INFO    MainThread:49928 [wandb_run.py:_on_finish():1831] got exit ret: None
2022-04-20 11:26:09,735 INFO    MainThread:49928 [wandb_run.py:_on_finish():1831] got exit ret: None
2022-04-20 11:26:14,836 INFO    MainThread:49928 [wandb_run.py:_on_finish():1831] got exit ret: None
2022-04-20 11:26:19,937 INFO    MainThread:49928 [wandb_run.py:_on_finish():1831] got exit ret: None
2022-04-20 11:26:25,038 INFO    MainThread:49928 [wandb_run.py:_on_finish():1831] got exit ret: None
2022-04-20 11:26:30,139 INFO    MainThread:49928 [wandb_run.py:_on_finish():1831] got exit ret: None
2022-04-20 11:26:35,240 INFO    MainThread:49928 [wandb_run.py:_on_finish():1831] got exit ret: None
2022-04-20 11:26:40,341 INFO    MainThread:49928 [wandb_run.py:_on_finish():1831] got exit ret: None
2022-04-20 11:26:45,442 INFO    MainThread:49928 [wandb_run.py:_on_finish():1831] got exit ret: None
2022-04-20 11:26:50,544 INFO    MainThread:49928 [wandb_run.py:_on_finish():1831] got exit ret: None
2022-04-20 11:26:55,646 INFO    MainThread:49928 [wandb_run.py:_on_finish():1831] got exit ret: None
2022-04-20 11:27:00,747 INFO    MainThread:49928 [wandb_run.py:_on_finish():1831] got exit ret: None
2022-04-20 11:27:05,848 INFO    MainThread:49928 [wandb_run.py:_on_finish():1831] got exit ret: None
2022-04-20 11:27:10,949 INFO    MainThread:49928 [wandb_run.py:_on_finish():1831] got exit ret: None
2022-04-20 11:27:16,050 INFO    MainThread:49928 [wandb_run.py:_on_finish():1831] got exit ret: None
2022-04-20 11:27:21,151 INFO    MainThread:49928 [wandb_run.py:_on_finish():1831] got exit ret: None
2022-04-20 11:27:26,252 INFO    MainThread:49928 [wandb_run.py:_on_finish():1831] got exit ret: None
2022-04-20 11:27:31,353 INFO    MainThread:49928 [wandb_run.py:_on_finish():1831] got exit ret: None
2022-04-20 11:27:36,454 INFO    MainThread:49928 [wandb_run.py:_on_finish():1831] got exit ret: None
2022-04-20 11:27:41,555 INFO    MainThread:49928 [wandb_run.py:_on_finish():1831] got exit ret: None
2022-04-20 11:27:46,656 INFO    MainThread:49928 [wandb_run.py:_on_finish():1831] got exit ret: None
2022-04-20 11:27:51,757 INFO    MainThread:49928 [wandb_run.py:_on_finish():1831] got exit ret: None
2022-04-20 11:27:56,858 INFO    MainThread:49928 [wandb_run.py:_on_finish():1831] got exit ret: None
2022-04-20 11:28:01,959 INFO    MainThread:49928 [wandb_run.py:_on_finish():1831] got exit ret: None
2022-04-20 11:28:07,060 INFO    MainThread:49928 [wandb_run.py:_on_finish():1831] got exit ret: None
2022-04-20 11:28:12,161 INFO    MainThread:49928 [wandb_run.py:_on_finish():1831] got exit ret: None
2022-04-20 11:28:17,263 INFO    MainThread:49928 [wandb_run.py:_on_finish():1831] got exit ret: None
2022-04-20 11:28:22,363 INFO    MainThread:49928 [wandb_run.py:_on_finish():1831] got exit ret: None
2022-04-20 11:28:27,465 INFO    MainThread:49928 [wandb_run.py:_on_finish():1831] got exit ret: None
2022-04-20 11:28:32,566 INFO    MainThread:49928 [wandb_run.py:_on_finish():1831] got exit ret: None
2022-04-20 11:28:37,667 INFO    MainThread:49928 [wandb_run.py:_on_finish():1831] got exit ret: None
2022-04-20 11:28:42,768 INFO    MainThread:49928 [wandb_run.py:_on_finish():1831] got exit ret: None
2022-04-20 11:28:47,869 INFO    MainThread:49928 [wandb_run.py:_on_finish():1831] got exit ret: None
2022-04-20 11:28:52,970 INFO    MainThread:49928 [wandb_run.py:_on_finish():1831] got exit ret: None
2022-04-20 11:28:58,071 INFO    MainThread:49928 [wandb_run.py:_on_finish():1831] got exit ret: None
2022-04-20 11:29:03,172 INFO    MainThread:49928 [wandb_run.py:_on_finish():1831] got exit ret: None
2022-04-20 11:29:08,274 INFO    MainThread:49928 [wandb_run.py:_on_finish():1831] got exit ret: None
2022-04-20 11:29:13,375 INFO    MainThread:49928 [wandb_run.py:_on_finish():1831] got exit ret: None
2022-04-20 11:29:18,476 INFO    MainThread:49928 [wandb_run.py:_on_finish():1831] got exit ret: None
2022-04-20 11:29:23,577 INFO    MainThread:49928 [wandb_run.py:_on_finish():1831] got exit ret: None
2022-04-20 11:29:28,678 INFO    MainThread:49928 [wandb_run.py:_on_finish():1831] got exit ret: None
2022-04-20 11:29:33,779 INFO    MainThread:49928 [wandb_run.py:_on_finish():1831] got exit ret: None
2022-04-20 11:29:38,880 INFO    MainThread:49928 [wandb_run.py:_on_finish():1831] got exit ret: None
2022-04-20 11:29:43,981 INFO    MainThread:49928 [wandb_run.py:_on_finish():1831] got exit ret: None
2022-04-20 11:29:49,083 INFO    MainThread:49928 [wandb_run.py:_on_finish():1831] got exit ret: None
2022-04-20 11:29:54,184 INFO    MainThread:49928 [wandb_run.py:_on_finish():1831] got exit ret: None
2022-04-20 11:29:59,285 INFO    MainThread:49928 [wandb_run.py:_on_finish():1831] got exit ret: None
2022-04-20 11:30:04,386 INFO    MainThread:49928 [wandb_run.py:_on_finish():1831] got exit ret: None
2022-04-20 11:30:09,487 INFO    MainThread:49928 [wandb_run.py:_on_finish():1831] got exit ret: None
2022-04-20 11:30:14,588 INFO    MainThread:49928 [wandb_run.py:_on_finish():1831] got exit ret: None
2022-04-20 11:30:19,689 INFO    MainThread:49928 [wandb_run.py:_on_finish():1831] got exit ret: None
2022-04-20 11:30:24,790 INFO    MainThread:49928 [wandb_run.py:_on_finish():1831] got exit ret: None
2022-04-20 11:30:29,892 INFO    MainThread:49928 [wandb_run.py:_on_finish():1831] got exit ret: None
2022-04-20 11:30:35,003 INFO    MainThread:49928 [wandb_run.py:_on_finish():1831] got exit ret: None
2022-04-20 11:30:40,104 INFO    MainThread:49928 [wandb_run.py:_on_finish():1831] got exit ret: None
2022-04-20 11:30:45,205 INFO    MainThread:49928 [wandb_run.py:_on_finish():1831] got exit ret: None
2022-04-20 11:30:50,306 INFO    MainThread:49928 [wandb_run.py:_on_finish():1831] got exit ret: None
2022-04-20 11:30:55,407 INFO    MainThread:49928 [wandb_run.py:_on_finish():1831] got exit ret: None
2022-04-20 11:31:00,509 INFO    MainThread:49928 [wandb_run.py:_on_finish():1831] got exit ret: None
2022-04-20 11:31:05,610 INFO    MainThread:49928 [wandb_run.py:_on_finish():1831] got exit ret: None
2022-04-20 11:31:10,711 INFO    MainThread:49928 [wandb_run.py:_on_finish():1831] got exit ret: None
2022-04-20 11:31:15,812 INFO    MainThread:49928 [wandb_run.py:_on_finish():1831] got exit ret: None
2022-04-20 11:31:20,913 INFO    MainThread:49928 [wandb_run.py:_on_finish():1831] got exit ret: None
2022-04-20 11:31:26,014 INFO    MainThread:49928 [wandb_run.py:_on_finish():1831] got exit ret: None
2022-04-20 11:31:31,115 INFO    MainThread:49928 [wandb_run.py:_on_finish():1831] got exit ret: None
2022-04-20 11:31:36,217 INFO    MainThread:49928 [wandb_run.py:_on_finish():1831] got exit ret: None
2022-04-20 11:31:41,318 INFO    MainThread:49928 [wandb_run.py:_on_finish():1831] got exit ret: None
2022-04-20 11:31:46,419 INFO    MainThread:49928 [wandb_run.py:_on_finish():1831] got exit ret: None
2022-04-20 11:31:51,520 INFO    MainThread:49928 [wandb_run.py:_on_finish():1831] got exit ret: None
2022-04-20 11:31:56,621 INFO    MainThread:49928 [wandb_run.py:_on_finish():1831] got exit ret: None
2022-04-20 11:32:01,723 INFO    MainThread:49928 [wandb_run.py:_on_finish():1831] got exit ret: None
2022-04-20 11:32:06,825 INFO    MainThread:49928 [wandb_run.py:_on_finish():1831] got exit ret: None
2022-04-20 11:32:11,926 INFO    MainThread:49928 [wandb_run.py:_on_finish():1831] got exit ret: None
2022-04-20 11:32:17,027 INFO    MainThread:49928 [wandb_run.py:_on_finish():1831] got exit ret: None
2022-04-20 11:32:22,128 INFO    MainThread:49928 [wandb_run.py:_on_finish():1831] got exit ret: None
2022-04-20 11:32:27,229 INFO    MainThread:49928 [wandb_run.py:_on_finish():1831] got exit ret: None
2022-04-20 11:32:32,330 INFO    MainThread:49928 [wandb_run.py:_on_finish():1831] got exit ret: None
2022-04-20 11:32:37,431 INFO    MainThread:49928 [wandb_run.py:_on_finish():1831] got exit ret: None
2022-04-20 11:32:42,532 INFO    MainThread:49928 [wandb_run.py:_on_finish():1831] got exit ret: None
